<?xml version="1.0" encoding="UTF-8"?>
<robot generator="Robot 5.0.1 (Python 3.10.7 on win32)" generated="20221003 23:57:44.479" rpa="false" schemaversion="3">
<suite id="s1" name="testE2Retornos" source="c:\Users\Wise\Documents\RobotFrameworkPHA\exercicio2\src\test\features\testE2Retornos.robot">
<test id="s1-t1" name="Consultar ano de nascimento" line="8">
<kw name="Retorna idade por ano" library="kwsE2Retornos">
<arg>1999</arg>
<kw name="Evaluate" library="BuiltIn">
<var>${IDADE}</var>
<arg>${ANO ATUAL} - ${ANO}</arg>
<doc>Evaluates the given expression in Python and returns the result.</doc>
<msg timestamp="20221003 23:57:44.814" level="INFO">${IDADE} = 23</msg>
<status status="PASS" starttime="20221003 23:57:44.813" endtime="20221003 23:57:44.816"/>
</kw>
<if>
<branch type="IF" condition="${ANO} &lt; 2000">
<kw name="Log To Console" library="BuiltIn">
<arg>${IDADE} anos!!! Nasceu no século passado.</arg>
<doc>Logs the given message to the console.</doc>
<status status="PASS" starttime="20221003 23:57:44.817" endtime="20221003 23:57:44.818"/>
</kw>
<status status="PASS" starttime="20221003 23:57:44.817" endtime="20221003 23:57:44.818"/>
</branch>
<branch type="ELSE">
<kw name="Log To Console" library="BuiltIn">
<arg>${IDADE} anos.</arg>
<doc>Logs the given message to the console.</doc>
<status status="NOT RUN" starttime="20221003 23:57:44.818" endtime="20221003 23:57:44.818"/>
</kw>
<status status="NOT RUN" starttime="20221003 23:57:44.818" endtime="20221003 23:57:44.818"/>
</branch>
<status status="PASS" starttime="20221003 23:57:44.816" endtime="20221003 23:57:44.819"/>
</if>
<status status="PASS" starttime="20221003 23:57:44.813" endtime="20221003 23:57:44.819"/>
</kw>
<status status="PASS" starttime="20221003 23:57:44.812" endtime="20221003 23:57:44.819"/>
</test>
<status status="PASS" starttime="20221003 23:57:44.486" endtime="20221003 23:57:44.822"/>
</suite>
<statistics>
<total>
<stat pass="1" fail="0" skip="0">All Tests</stat>
</total>
<tag>
</tag>
<suite>
<stat pass="1" fail="0" skip="0" id="s1" name="testE2Retornos">testE2Retornos</stat>
</suite>
</statistics>
<errors>
</errors>
</robot>
